<< 2019-November-13 18:59:40 || Enter point: train.py | Module: __main__		| INFO ||
* Called '<module>' -- '<< Train Logger: INIT >>'.
* Total work time:0:00:00.126913>>



<< 2019-November-13 18:59:40 || Enter point: train.py | Module: __main__		| INFO ||
* Called '<module>' -- '<< Train mode: ACTIVATE | Status: Trying to find dataset >>'.
* Total work time:0:00:00.128909>>



<< 2019-November-13 18:59:40 || Enter point: train.py | Module: __main__		| INFO ||
* Called '<module>' -- '<< Train mode: ACTIVATE | Status: Dataset is found | Loading data >>'.
* Total work time:0:00:00.130049>>



<< 2019-November-13 18:59:41 || Enter point: SOM.py | Module: tools.SOM		| INFO ||
* Called '__init__' -- '<< SOM Model: INIT >>'.
* Total work time:0:00:01.178743>>



<< 2019-November-13 18:59:41 || Enter point: SOM.py | Module: tools.SOM		| INFO ||
* Called 'fit' -- '<< SOM Model | Fit Method: RUN >>'.
* Total work time:0:00:01.180742>>



<< 2019-November-13 19:00:20 || Enter point: SOM.py | Module: tools.SOM		| INFO ||
* Called 'fit' -- '<< SOM Model | Fit Method: DONE >>'.
* Total work time:0:00:39.733627>>



<< 2019-November-13 19:00:20 || Enter point: functions.py | Module: tools.functions		| INFO ||
* Called 'wrapper' -- '<< Runtime fit method: 0:00:38.555387 >>'.
* Total work time:0:00:39.735625>>



<< 2019-November-13 19:00:20 || Enter point: SOM.py | Module: tools.SOM		| INFO ||
* Called 'predict' -- '<< SOM Model | Predict Method: RUN >>'.
* Total work time:0:00:39.737624>>



<< 2019-November-13 19:02:26 || Enter point: SOM.py | Module: tools.SOM		| INFO ||
* Called 'predict' -- '<< SOM Model | Predict Method: DONE >>'.
* Total work time:0:02:45.543136>>



<< 2019-November-13 19:02:26 || Enter point: functions.py | Module: tools.functions		| INFO ||
* Called 'wrapper' -- '<< Runtime predict method: 0:02:05.807399 >>'.
* Total work time:0:02:45.545134>>



<< 2019-November-13 19:02:26 || Enter point: functions.py | Module: tools.functions		| INFO ||
* Called 'score' -- '<< Getting scores of metrics: ACTIVATE | Status: IN PROCCESS >>'.
* Total work time:0:02:45.546134>>



<< 2019-November-13 19:02:26 || Enter point: functions.py | Module: tools.functions		| INFO ||
* Called 'score' -- '<< Getting scores of metrics: ACTIVATE | Status: DONE >>'.
* Total work time:0:02:45.788963>>



<< 2019-November-13 19:02:26 || Enter point: functions.py | Module: tools.functions		| INFO ||
* Called 'score' -- '
accuracy : 0.9308907511541912
---------------
precision : 0.9977672110812487
---------------
recall : 0.9216402709171462
---------------
f1 : 0.9581940795351515
---------------
roc-auc : 0.9859628366019171'.
* Total work time:0:02:45.790961>>



<< 2019-November-13 19:02:26 || Enter point: train.py | Module: __main__		| INFO ||
* Called '<module>' -- '<< Train mode: ACTIVATE | Status: Saving model >>'.
* Total work time:0:02:45.794959>>



<< 2019-November-13 19:02:30 || Enter point: train.py | Module: __main__		| INFO ||
* Called '<module>' -- '<< Train mode: ACTIVATE | Status: Model saved >>'.
* Total work time:0:02:49.840114>>



<< 2019-November-13 19:02:30 || Enter point: train.py | Module: __main__		| INFO ||
* Called '<module>' -- '<< Train Logger: END >>'.
* Total work time:0:02:49.842112>>



