#ses_id:38da970e173d7
Time	num	currentload(cpu)	currentload_user(cpu)	currentload_system(cpu)	currentload_nice(cpu)	currentload_idle(cpu)	currentload_irq(cpu)	active(mem)	available(mem)	buffcache(mem)	free(mem)	swapfree(mem)	swaptotal(mem)	swapused(mem)	total(mem)	used(mem)	mem_relative(mem)	rx(derived)	tx(derived)	dMem(derived)	dIdle(derived)	wIO_sec(disk)	rIO_sec(disk)
2018-11-28T08:59:18+00:00	1	0.8395692644643182	0.5657966782259536	0.27377258623836465	0	99.16043073553567	0	343134208	3466805248	1206489088	2561974272	0	0	0	4111597568	1549447168	0.3768479629570595	357541	3228102	-0.0083820810354171	6.77947835458329	3.512128955686621	0
2018-11-28T08:59:18+00:00	2	10.256410256410255	5.128205128205128	5.128205128205128	0	89.74358974358975	0	343683072	3466256384	1206489088	2561425408	0	0	0	4111597568	1550266368	0.37704720424623034	0	0	0.00019924128917081507	-9.416840991945918	3.512128955686621	0
2018-11-28T08:59:19+00:00	3	1.1494252873563218	1.1494252873563218	0	0	98.85057471264368	0	343769088	3466186752	1206497280	2561331200	0	0	0	4111597568	1550397440	0.3770790828524977	0	0	0.000031878606267354836	9.106984969053926	3.512128955686621	0
2018-11-28T08:59:19+00:00	4	2.247191011235955	0	2.247191011235955	0	97.75280898876404	0	343531520	3466424320	1206497280	2561568768	0	0	0	4111597568	1550200832	0.3770312649430967	657	604	-0.0000478179094010045	-1.0977657238796326	0	0
2018-11-28T08:59:19+00:00	5	9.433962264150944	2.8301886792452833	6.60377358490566	0	90.56603773584906	0	343744512	3466211328	1206497280	2561355776	0	0	0	4111597568	1550286848	0.37705218527845963	0	0	0.00002092033536293947	-7.18677125291498	0	0
2018-11-28T08:59:19+00:00	6	2.247191011235955	0	2.247191011235955	0	97.75280898876404	0	343994368	3465961472	1206497280	2561105920	0	0	0	4111597568	1550401536	0.37708007905894353	0	0	0.000027893780483900787	7.18677125291498	0	0
2018-11-28T08:59:19+00:00	7	6.25	2.083333333333333	4.166666666666666	0	93.75	0	343699456	3466256384	1206497280	2561400832	0	0	0	4111597568	1550401536	0.37708007905894353	549	549	0	-4.002808988764045	0	0
2018-11-28T08:59:20+00:00	8	7.000000000000001	3	4	0	93	0	343728128	3466227712	1206497280	2561372160	0	0	0	4111597568	1550327808	0.37706214734291815	0	0	-0.000017931716025376687	-0.75	0	0
2018-11-28T08:59:20+00:00	9	2.2222222222222223	1.1111111111111112	1.1111111111111112	0	97.77777777777777	0	344047616	3465908224	1206497280	2561052672	0	0	0	4111597568	1550598144	0.37712789696834453	0	0	0.00006574962542638119	4.7777777777777715	0	0
2018-11-28T08:59:20+00:00	10	4.25531914893617	1.0638297872340425	3.1914893617021276	0	95.74468085106383	0	343797760	3466158080	1206505472	2561294336	0	0	0	4111597568	1550483456	0.37710000318786063	549	549	-0.000027893780483900787	-2.033096926713938	19.28374655647383	0
2018-11-28T08:59:20+00:00	11	9.523809523809524	4.761904761904762	4.761904761904762	0	90.47619047619048	0	336568320	3473387520	1206505472	2568523776	0	0	0	4111597568	1543180288	0.3753237670949026	0	0	-0.0017762360929580168	-5.268490374873352	19.28374655647383	0
2018-11-28T08:59:21+00:00	12	4.301075268817205	1.0752688172043012	3.225806451612903	0	95.6989247311828	0	337039360	3472916480	1206505472	2568052736	0	0	0	4111597568	1543376896	0.3753715850043036	0	0	0.0000478179094010045	5.222734254992318	19.28374655647383	0
2018-11-28T08:59:21+00:00	13	4.395604395604396	1.098901098901099	3.296703296703297	0	95.6043956043956	0	337027072	3472928768	1206505472	2568065024	0	0	0	4111597568	1543467008	0.3753935015461124	549	549	0.000021916541808775225	-0.09452912678719372	0	0
2018-11-28T08:59:21+00:00	14	5.1020408163265305	1.0204081632653061	4.081632653061225	0	94.89795918367348	0	336699392	3473256448	1206505472	2568392704	0	0	0	4111597568	1543077888	0.3752988619337563	0	0	-0.00009463961235611773	-0.7064364207221274	0	0
2018-11-28T08:59:21+00:00	15	5.376344086021505	2.1505376344086025	3.225806451612903	0	94.6236559139785	0	336617472	3473338368	1206505472	2568474624	0	0	0	4111597568	1543122944	0.37530982020466064	0	0	0.000010958270904359857	-0.27430326969498253	0	0
2018-11-28T08:59:22+00:00	16	2.247191011235955	1.1235955056179776	1.1235955056179776	0	97.75280898876404	0	336744448	3473211392	1206505472	2568347648	0	0	0	4111597568	1543249920	0.37534070260448216	549	549	0.00003088239982151908	3.129153074785549	0	0
2018-11-28T08:59:22+00:00	17	7.920792079207921	1.9801980198019802	5.9405940594059405	0	92.07920792079209	0	335695872	3474259968	1206505472	2569396224	0	0	0	4111597568	1542303744	0.3751105789154898	0	0	-0.00023012368899233415	-5.673601067971958	0	0
2018-11-28T08:59:22+00:00	18	3.3333333333333335	3.3333333333333335	0	0	96.66666666666667	0	335736832	3474219008	1206505472	2569355264	0	0	0	4111597568	1542410240	0.375136480283082	0	0	0.000025901367592173763	4.587458745874585	0	0
2018-11-28T08:59:22+00:00	19	2.2222222222222223	0	2.2222222222222223	0	97.77777777777777	0	335990784	3473965056	1206505472	2569101312	0	0	0	4111597568	1542598656	0.37518230577959133	549	549	0.000045825496509332986	1.1111111111111	0	0
2018-11-28T08:59:23+00:00	20	6.862745098039216	0.9803921568627451	5.88235294117647	0	93.13725490196079	0	335257600	3474698240	1206505472	2569834496	0	0	0	4111597568	1541890048	0.3750099620644585	0	0	-0.00017234371513280555	-4.640522875816984	0	0
2018-11-28T08:59:23+00:00	21	4.3478260869565215	2.1739130434782608	2.1739130434782608	0	95.65217391304348	0	335773696	3474182144	1206505472	2569318400	0	0	0	4111597568	1542017024	0.37504084446428004	0	0	0.00003088239982151908	2.5149190110826964	0	0
2018-11-28T08:59:23+00:00	22	4.301075268817205	1.0752688172043012	3.225806451612903	0	95.6989247311828	0	336166912	3473788928	1206505472	2568925184	0	0	0	4111597568	1542385664	0.37513050304440687	591	645	0.00008965858012682792	0.0467508181393157	0	0
2018-11-28T08:59:23+00:00	23	7.8431372549019605	2.941176470588235	4.901960784313726	0	92.15686274509804	0	335228928	3474726912	1206505472	2569863168	0	0	0	4111597568	1542840320	0.3752410819598967	0	0	0.0001105789154898229	-3.542061986084761	0	0
2018-11-28T08:59:24+00:00	24	4.25531914893617	2.127659574468085	2.127659574468085	0	95.74468085106383	0	335835136	3474120704	1206505472	2569256960	0	0	0	4111597568	1542221824	0.3750906547865727	0	0	-0.00015042717332397482	3.5878181059657948	0	0
2018-11-28T08:59:24+00:00	25	2.247191011235955	0	2.247191011235955	0	97.75280898876404	0	335417344	3474538496	1206505472	2569674752	0	0	0	4111597568	1542131712	0.37506873824476394	603	549	-0.000021916541808775225	2.0081281377002114	0	0
2018-11-28T08:59:24+00:00	26	7.920792079207921	2.9702970297029703	4.9504950495049505	0	92.07920792079209	0	335728640	3474227200	1206505472	2569363456	0	0	0	4111597568	1542303744	0.3751105789154898	0	0	0.00004184067072587894	-5.673601067971958	0	0
2018-11-28T08:59:24+00:00	27	2.197802197802198	1.098901098901099	1.098901098901099	0	97.8021978021978	0	335347712	3474608128	1206505472	2569744384	0	0	0	4111597568	1541955584	0.37502590136759223	0	0	-0.00008467754789759363	5.722989881405709	0	0
2018-11-28T08:59:24+00:00	28	3.296703296703297	1.098901098901099	2.197802197802198	0	96.7032967032967	0	335523840	3474432000	1206636544	2569437184	0	0	0	4111597568	1542160384	0.3750757116898849	603	603	0.00004981032229267601	-1.098901098901095	0	0
2018-11-28T08:59:25+00:00	29	12.62135922330097	4.854368932038835	7.766990291262135	0	87.37864077669903	0	336457728	3473498112	1206636544	2568503296	0	0	0	4111597568	1542840320	0.3752410819598967	0	0	0.00016537027001178872	-9.324655926597671	0	0
2018-11-28T08:59:25+00:00	30	43.67816091954023	17.24137931034483	26.436781609195403	0	56.32183908045977	0	339279872	3470675968	1206636544	2565681152	0	0	0	4111597568	1545695232	0.3759354378526571	0	0	0.000694355892760401	-31.056801696239262	0	0
2018-11-28T08:59:25+00:00	31	55.55555555555556	21.11111111111111	34.44444444444444	0	44.44444444444444	0	339746816	3470209024	1206636544	2565214208	0	0	0	4111597568	1546129408	0.37604103573591763	504602	1370150	0.0001055978832605331	-11.877394636015325	20.775623268698062	0
2018-11-28T08:59:25+00:00	32	56.99999999999999	22	35	0	43	0	340275200	3469680640	1206644736	2564677632	0	0	0	4111597568	1546797056	0.37620341738659185	0	0	0.00016238165067422594	-1.4444444444444429	20.775623268698062	0
2018-11-28T08:59:26+00:00	33	68.67469879518072	30.120481927710845	38.55421686746988	0	31.32530120481928	0	372285440	3437666304	1206648832	2532663296	0	0	0	4111597568	1575268352	0.3831280483917243	0	0	0.0069246310051324644	-11.67469879518072	20.775623268698062	0
2018-11-28T08:59:26+00:00	34	76.59574468085107	35.1063829787234	41.48936170212766	0	23.404255319148938	0	390848512	3419107328	1206648832	2514100224	0	0	0	4111597568	1595715584	0.3881011109694284	896121	2907898	0.004973062577704079	-7.921045885670342	1.342281879194631	0
2018-11-28T08:59:26+00:00	35	67.28971962616822	23.364485981308412	43.925233644859816	0	32.71028037383177	0	396197888	3413757952	1206648832	2508750848	0	0	0	4111597568	1602572288	0.3897687605597883	0	0	0.0016676495903599209	9.306025054682834	1.342281879194631	0
2018-11-28T08:59:26+00:00	36	56.17977528089888	15.730337078651685	40.44943820224719	0	43.82022471910113	0	398249984	3411705856	1206661120	2506686464	0	0	0	4111597568	1605136384	0.39039238579489305	0	0	0.00062362523510473	11.109944345269355	1.342281879194631	0
2018-11-28T08:59:27+00:00	37	55.55555555555556	20	35.55555555555556	0	44.44444444444444	0	397402112	3412553728	1206661120	2507534336	0	0	0	4111597568	1604046848	0.39012739488029585	878292	2634706	-0.00026499091459719626	0.6242197253433162	0	0
2018-11-28T08:59:27+00:00	38	58.415841584158414	22.772277227722775	35.64356435643564	0	41.584158415841586	0	399360000	3410571264	1207554048	2504683520	0	0	0	4111597568	1606635520	0.39075699735407565	0	0	0.0006296024737798	-2.8602860286028573	0	0
2018-11-28T08:59:27+00:00	39	51.19047619047619	16.666666666666664	34.523809523809526	0	48.80952380952381	0	399802368	3410116608	1208680448	2503114752	0	0	0	4111597568	1608331264	0.3911694268226593	0	0	0.0004124294685836638	7.225365393682225	0	0
2018-11-28T08:59:27+00:00	40	68.23529411764706	31.76470588235294	36.470588235294116	0	31.76470588235294	0	402391040	3407544320	1210019840	2499186688	0	0	0	4111597568	1611599872	0.39196439956645096	784694	2609069	0.0007949727437916443	-17.04481792717087	0	0
2018-11-28T08:59:28+00:00	41	72.54901960784314	31.372549019607842	41.17647058823529	0	27.450980392156865	0	404553728	3405373440	1211609088	2495434752	0	0	0	4111597568	1615605760	0.39293868947049637	0	0	0.0009742899040454112	-4.313725490196074	0	0
2018-11-28T08:59:28+00:00	42	62.7906976744186	27.906976744186046	34.883720930232556	0	37.2093023255814	0	405880832	3404034048	1212985344	2492731392	0	0	0	4111597568	1618276352	0.3935882160731933	0	0	0.0006495266026969038	9.758321933424533	0	0
2018-11-28T08:59:28+00:00	43	78.65168539325843	43.82022471910113	34.831460674157306	0	21.34831460674157	0	409174016	3400658944	1214144512	2488279040	0	0	0	4111597568	1622286336	0.3945635021836845	938190	2589482	0.0009752861104912469	-15.860987718839826	0	0
2018-11-28T08:59:28+00:00	44	67.32673267326733	26.732673267326735	40.5940594059406	0	32.67326732673268	0	410071040	3399794688	1215406080	2486120448	0	0	0	4111597568	1624092672	0.39500282922630625	0	0	0.00043932704262172884	11.324952719991106	0	0
2018-11-28T08:59:29+00:00	45	75.78947368421053	35.78947368421053	40	0	24.210526315789473	0	412495872	3397443584	1216696320	2482405376	0	0	0	4111597568	1628377088	0.3960448611686697	0	0	0.0010420319423634639	-8.462741010943205	0	0
2018-11-28T08:59:29+00:00	46	52.80898876404494	15.730337078651685	37.07865168539326	0	47.19101123595505	0	413585408	3396337664	1217912832	2480099328	0	0	0	4111597568	1631600640	0.39682887564155694	917683	2817347	0.0007840144728872289	22.98048492016558	0	0
2018-11-28T08:59:29+00:00	47	68.62745098039215	34.31372549019608	34.31372549019608	0	31.372549019607842	0	415363072	3394555904	1218658304	2477576192	0	0	0	4111597568	1633771520	0.39735686505785967	0	0	0.000527989416302721	-15.81846221634721	0	0
2018-11-28T08:59:29+00:00	48	53.40909090909091	18.181818181818183	35.22727272727273	0	46.590909090909086	0	415313920	3394588672	1219665920	2476617728	0	0	0	4111597568	1634844672	0.39761787114667346	0	0	0.0002610060888137977	15.218360071301245	0	0
2018-11-28T08:59:30+00:00	49	61.627906976744185	29.069767441860467	32.55813953488372	0	38.372093023255815	0	416882688	3392987136	1220898816	2473816064	0	0	0	4111597568	1637183488	0.3981867050272562	884532	1830482	0.0005688338805827642	-8.218816067653272	0	0
2018-11-28T08:59:30+00:00	50	55.10204081632652	19.387755102040817	35.714285714285715	0	44.89795918367347	0	416890880	3393056768	1221976064	2472730624	0	0	0	4111597568	1638600704	0.3985313924575218	0	0	0.0003446874302655556	6.525866160417657	0	0
2018-11-28T08:59:30+00:00	51	61.79775280898876	29.213483146067414	32.58426966292135	0	38.20224719101123	0	418566144	3391389696	1223241728	2469789696	0	0	0	4111597568	1641361408	0.39920283560202746	0	0	0.000671443144505679	-6.69571199266224	0	0
2018-11-28T08:59:30+00:00	52	52.94117647058824	15.294117647058824	37.64705882352941	0	47.05882352941176	0	418566144	3391414272	1224466432	2468564992	0	0	0	4111597568	1642360832	0.3994459099748159	892639	2389137	0.00024307437278842103	8.85657633840053	15.55869872701556	0
2018-11-28T08:59:30+00:00	53	59.183673469387756	22.448979591836736	36.734693877551024	0	40.816326530612244	0	419495936	3390423040	1225457664	2466643968	0	0	0	4111597568	1644175360	0.3998872294303293	0	0	0.00044131945551340035	-6.242496998799517	15.55869872701556	0
2018-11-28T08:59:31+00:00	54	58.82352941176471	29.411764705882355	29.411764705882355	0	41.17647058823529	0	421187584	3388813312	1226133504	2464276480	0	0	0	4111597568	1646895104	0.4005487105103765	0	0	0.0006614810800472104	0.3601440576230459	15.55869872701556	0
2018-11-28T08:59:31+00:00	55	53.57142857142857	25	28.57142857142857	0	46.42857142857143	0	422236160	3387777024	1226584064	2462777344	0	0	0	4111597568	1648365568	0.40090634862443814	814909	1563420	0.0003576381140616425	5.252100840336141	23.90998593530239	0
2018-11-28T08:59:31+00:00	56	57.73195876288659	24.742268041237114	32.98969072164948	0	42.2680412371134	0	423448576	3386499072	1227710464	2460438528	0	0	0	4111597568	1650843648	0.4015090535241799	0	0	0.0006027048997417905	-4.1605301914580295	23.90998593530239	0
2018-11-28T08:59:31+00:00	57	46.42857142857143	17.857142857142858	28.57142857142857	0	53.57142857142857	0	423510016	3386392576	1228537856	2459549696	0	0	0	4111597568	1651576832	0.4016873744779878	0	0	0.0001783209538078756	11.303387334315168	23.90998593530239	0
2018-11-28T08:59:32+00:00	58	55.294117647058826	21.176470588235293	34.11764705882353	0	44.70588235294118	0	423682048	3386150912	1229778944	2458136576	0	0	0	4111597568	1653252096	0.4020948229143422	570711	2067685	0.000407448436354374	-8.865546218487388	0	0
2018-11-28T08:59:32+00:00	59	53.535353535353536	24.242424242424242	29.292929292929294	0	46.464646464646464	0	423821312	3386109952	1230802944	2456973312	0	0	0	4111597568	1654304768	0.4023508479709267	0	0	0.0002560250565845079	1.7587641117052826	0	0
2018-11-28T08:59:32+00:00	60	57.14285714285714	26.190476190476193	30.952380952380953	0	42.857142857142854	0	425291776	3384664064	1231814656	2454491136	0	0	0	4111597568	1657073664	0.40302428352832415	0	0	0.0006734355573974615	-3.6075036075036095	0	0
2018-11-28T08:59:32+00:00	61	52.27272727272727	21.59090909090909	30.681818181818183	0	47.72727272727273	0	425127936	3384827904	1232830464	2453639168	0	0	0	4111597568	1657753600	0.40318965379833593	636688	2331517	0.00016537027001178872	4.8701298701298725	0	0
2018-11-28T08:59:33+00:00	62	55.00000000000001	19	36	0	45	0	426254336	3383590912	1233563648	2451779584	0	0	0	4111597568	1659445248	0.4036010870604737	0	0	0.00041143326213777254	-2.7272727272727266	0	0
2018-11-28T08:59:33+00:00	63	47.674418604651166	16.27906976744186	31.3953488372093	0	52.32558139534884	0	426700800	3383250944	1233842176	2451054592	0	0	0	4111597568	1660469248	0.40385013867193725	0	0	0.0002490516114635466	7.325581395348841	0	0
2018-11-28T08:59:33+00:00	64	42.35294117647059	12.941176470588237	29.411764705882355	0	57.647058823529406	0	426487808	3383443456	1234337792	2450771968	0	0	0	4111597568	1660608512	0.4038840096910963	560551	779921	0.00003387101915902635	5.321477428180565	0	0
2018-11-28T08:59:33+00:00	65	53.92156862745098	21.568627450980394	32.35294117647059	0	46.07843137254902	0	427712512	3382214656	1234837504	2449047552	0	0	0	4111597568	1661878272	0.4041928336893111	0	0	0.0003088239982148022	-11.568627450980387	0	0
2018-11-28T08:59:34+00:00	66	47.674418604651166	16.27906976744186	31.3953488372093	0	52.32558139534884	0	427667456	3382202368	1235312640	2448617472	0	0	0	4111597568	1662500864	0.40434425706908095	0	0	0.00015142337976986608	6.247150022799822	0	0
2018-11-28T08:59:34+00:00	67	8.88888888888889	4.444444444444445	4.444444444444445	0	91.11111111111111	0	427761664	3382194176	1235337216	2448498688	0	0	0	4111597568	1663135744	0.4044986690681883	445275	444963	0.00015441199910737335	38.78552971576227	0	0
2018-11-28T08:59:34+00:00	68	11.76470588235294	5.88235294117647	5.88235294117647	0	88.23529411764706	0	428670976	3381284864	1235492864	2447433728	0	0	0	4111597568	1664200704	0.40475768274411045	0	0	0.0002590136759221262	-2.8758169934640563	0	0
2018-11-28T08:59:34+00:00	69	2.2222222222222223	2.2222222222222223	0	0	97.77777777777777	0	428601344	3381354496	1235492864	2447503360	0	0	0	4111597568	1664098304	0.40473277758296405	0	0	-0.000024905161146393517	9.542483660130713	0	0
2018-11-28T08:59:35+00:00	70	6.521739130434782	4.3478260869565215	2.1739130434782608	0	93.47826086956522	0	428638208	3381317632	1235492864	2447466496	0	0	0	4111597568	1664290816	0.4047795992859192	549	549	0.00004682170295516874	-4.299516908212553	0	0
2018-11-28T08:59:35+00:00	71	5.9405940594059405	1.9801980198019802	3.9603960396039604	0	94.05940594059405	0	428949504	3381006336	1235492864	2447155200	0	0	0	4111597568	1664593920	0.40485331856291246	0	0	0.00007371927699323377	0.5811450710288284	0	0
2018-11-28T08:59:35+00:00	72	3.296703296703297	1.098901098901099	2.197802197802198	0	96.7032967032967	0	428736512	3381219328	1235492864	2447368192	0	0	0	4111597568	1664417792	0.4048104816857407	0	0	-0.000042836877171770205	2.6438907627026538	0	0
2018-11-28T08:59:35+00:00	73	3.296703296703297	1.098901098901099	2.197802197802198	0	96.7032967032967	0	428994560	3380961280	1235492864	2447110144	0	0	0	4111597568	1664499712	0.4048304058146578	549	1903	0.000019924128917103712	0	0	0
2018-11-28T08:59:35+00:00	74	7.07070707070707	1.0101010101010102	6.0606060606060606	0	92.92929292929293	0	428974080	3380977664	1235496960	2447126528	0	0	0	4111597568	1664507904	0.4048323982275495	0	0	0.0000019924128917270245	-3.7740037740037735	0	0
2018-11-28T08:59:36+00:00	75	3.296703296703297	1.098901098901099	2.197802197802198	0	96.7032967032967	0	429453312	3380498432	1235496960	2446647296	0	0	0	4111597568	1664962560	0.4049429771430393	0	0	0.00011057891548976739	3.7740037740037735	0	0
2018-11-28T08:59:36+00:00	76	2.247191011235955	1.1235955056179776	1.1235955056179776	0	97.75280898876404	0	429064192	3380887552	1235496960	2447036416	0	0	0	4111597568	1664548864	0.40484236029200804	549	549	-0.00010061685103124329	1.049512285467344	9.943181818181818	0
2018-11-28T08:59:36+00:00	77	6.0606060606060606	2.0202020202020203	4.040404040404041	0	93.93939393939394	0	429150208	3380801536	1235496960	2446950400	0	0	0	4111597568	1664770048	0.40489615544008417	0	0	0.00005379514807613006	-3.813415049370107	9.943181818181818	0
2018-11-28T08:59:36+00:00	78	3.296703296703297	0	3.296703296703297	0	96.7032967032967	0	429002752	3380948992	1235509248	2447085568	0	0	0	4111597568	1664528384	0.40483737925977875	0	0	-0.00005877618030541987	2.763902763902763	9.943181818181818	0
2018-11-28T08:59:37+00:00	79	4.3478260869565215	2.1739130434782608	2.1739130434782608	0	95.65217391304348	0	429195264	3380760576	1235509248	2446893056	0	0	0	4111597568	1664430080	0.40481347030507825	549	549	-0.00002390895470050225	-1.051122790253217	0	0
2018-11-28T08:59:37+00:00	80	6.9306930693069315	1.9801980198019802	4.9504950495049505	0	93.06930693069307	0	429182976	3380772864	1235509248	2446905344	0	0	0	4111597568	1664602112	0.40485531097580413	0	0	0.00004184067072587894	-2.58286698235041	0	0
2018-11-28T08:59:37+00:00	81	3.296703296703297	1.098901098901099	2.197802197802198	0	96.7032967032967	0	428769280	3381186560	1235509248	2447319040	0	0	0	4111597568	1664442368	0.4048164589244158	0	0	-0.000038852051388316156	3.633989772603627	0	0
2018-11-28T08:59:37+00:00	82	3.3707865168539324	1.1235955056179776	2.247191011235955	0	96.62921348314607	0	429023232	3380932608	1235509248	2447065088	0	0	0	4111597568	1664548864	0.40484236029200804	549	549	0.000025901367592229274	-0.07408322015062652	0	0
2018-11-28T08:59:38+00:00	83	6.862745098039216	0.9803921568627451	5.88235294117647	0	93.13725490196079	0	429178880	3380776960	1235509248	2446909440	0	0	0	4111597568	1664692224	0.4048772275176129	0	0	0.000034867225604862107	-3.491958581185287	0	0
2018-11-28T08:59:38+00:00	84	2.2222222222222223	0	2.2222222222222223	0	97.77777777777777	0	428965888	3380989952	1235509248	2447122432	0	0	0	4111597568	1664819200	0.4049081099174344	0	0	0.00003088239982151908	4.640522875816984	0	0
2018-11-28T08:59:38+00:00	85	3.260869565217391	1.0869565217391304	2.1739130434782608	0	96.73913043478261	0	428990464	3380965376	1235509248	2447097856	0	0	0	4111597568	1664528384	0.40483737925977875	549	1903	-0.00007073065765567099	-1.0386473429951621	0	0
2018-11-28T08:59:38+00:00	86	7.766990291262135	2.912621359223301	4.854368932038835	0	92.23300970873787	0	429338624	3380617216	1235509248	2446749696	0	0	0	4111597568	1664860160	0.40491807198189295	0	0	0.00008069272211419509	-4.506120726044742	0	0
2018-11-28T08:59:39+00:00	87	2.2222222222222223	0	2.2222222222222223	0	97.77777777777777	0	429039616	3380912128	1235513344	2447044608	0	0	0	4111597568	1664589824	0.40485232235646657	0	0	-0.00006574962542638119	5.544768069039904	0	0
2018-11-28T08:59:39+00:00	88	4.3478260869565215	2.1739130434782608	2.1739130434782608	0	95.65217391304348	0	428793856	3381161984	1235513344	2447290368	0	0	0	4111597568	1664651264	0.4048672654531544	549	549	0.000014943096687813906	-2.1256038647342876	0	0
2018-11-28T08:59:39+00:00	89	7.766990291262135	1.9417475728155338	5.825242718446602	0	92.23300970873787	0	428949504	3381006336	1235513344	2447134720	0	0	0	4111597568	1664618496	0.4048592958015876	0	0	-0.000007969651566797076	-3.4191642043056163	0	0
2018-11-28T08:59:39+00:00	90	3.3333333333333335	2.2222222222222223	1.1111111111111112	0	96.66666666666667	0	429178880	3380776960	1235513344	2446905344	0	0	0	4111597568	1664851968	0.4049160795690012	0	0	0.00005678376741363733	4.433656957928804	0	0
2018-11-28T08:59:39+00:00	91	3.260869565217391	0	3.260869565217391	0	96.73913043478261	0	428978176	3380973568	1235517440	2447101952	0	0	0	4111597568	1664540672	0.4048403678791163	549	549	-0.00007571168988490529	0.07246376811593791	0	0
2018-11-28T08:59:40+00:00	92	8.737864077669903	2.912621359223301	5.825242718446602	0	91.2621359223301	0	429187072	3380764672	1235517440	2446893056	0	0	0	4111597568	1664892928	0.4049260416334598	0	0	0.0000856737543434849	-5.476994512452507	0	0
2018-11-28T08:59:40+00:00	93	1.1363636363636365	0	1.1363636363636365	0	98.86363636363636	0	428990464	3380961280	1235517440	2447089664	0	0	0	4111597568	1664450560	0.40481845133730754	0	0	-0.00010759029615226012	7.601500441306257	0	0
2018-11-28T08:59:40+00:00	94	3.3333333333333335	1.1111111111111112	2.2222222222222223	0	96.66666666666667	0	428810240	3381141504	1235517440	2447269888	0	0	0	4111597568	1664356352	0.4047955385890529	1521	1441	-0.000022912748254666493	-2.1969696969696884	0	0
2018-11-28T08:59:40+00:00	95	7.6923076923076925	2.8846153846153846	4.807692307692308	0	92.3076923076923	0	428949504	3381006336	1235517440	2447130624	0	0	0	4111597568	1664757760	0.4048931668207466	0	0	0.00009762823169373602	-4.358974358974365	0	0
2018-11-28T08:59:41+00:00	96	4.25531914893617	2.127659574468085	2.127659574468085	0	95.74468085106383	0	429043712	3380912128	1235517440	2447036416	0	0	0	4111597568	1664774144	0.40489715164653	0	0	0.000003984825783398538	3.436988543371527	0	0
2018-11-28T08:59:41+00:00	97	6.666666666666667	5.555555555555555	1.1111111111111112	0	93.33333333333333	0	428302336	3381653504	1235517440	2447777792	0	0	0	4111597568	1663823872	0.40466603175109184	549	549	-0.0002311198954381699	-2.411347517730505	8.333333333333334	0
2018-11-28T08:59:41+00:00	98	8.737864077669903	2.912621359223301	5.825242718446602	0	91.2621359223301	0	428556288	3381399552	1235517440	2447523840	0	0	0	4111597568	1663963136	0.40469990277025086	0	0	0.00003387101915902635	-2.071197411003226	8.333333333333334	0
2018-11-28T08:59:41+00:00	99	3.3333333333333335	0	3.3333333333333335	0	96.66666666666667	0	428195840	3381760000	1235525632	2447876096	0	0	0	4111597568	1663971328	0.4047018951831426	0	0	0.0000019924128917270245	5.404530744336569	8.333333333333334	0
2018-11-28T08:59:42+00:00	100	2.2222222222222223	1.1111111111111112	1.1111111111111112	0	97.77777777777777	0	428531712	3381420032	1235529728	2447536128	0	0	0	4111597568	1664008192	0.4047108610411553	549	549	0.000008965858012688344	1.1111111111111	0	0
2018-11-28T08:59:42+00:00	101	7.07070707070707	1.0101010101010102	6.0606060606060606	0	92.92929292929293	0	428642304	3381313536	1235529728	2447425536	0	0	0	4111597568	1664118784	0.40473775861519334	0	0	0.00002689757403806503	-4.848484848484844	0	0
2018-11-28T08:59:42+00:00	102	5.263157894736842	2.1052631578947367	3.1578947368421053	0	94.73684210526315	0	428814336	3381141504	1235529728	2447253504	0	0	0	4111597568	1663852544	0.4046730051962128	0	0	-0.00006475341898054543	1.8075491759702231	0	0
2018-11-28T08:59:42+00:00	103	3.296703296703297	1.098901098901099	2.197802197802198	0	96.7032967032967	0	429023232	3380932608	1235529728	2447044608	0	0	0	4111597568	1664364544	0.4047975310019446	549	549	0.00012452580573180105	1.9664545980335504	0	0
2018-11-28T08:59:43+00:00	104	6.9306930693069315	1.9801980198019802	4.9504950495049505	0	93.06930693069307	0	428634112	3381321728	1235529728	2447433728	0	0	0	4111597568	1664204800	0.4047586789505563	0	0	-0.000038852051388316156	-3.633989772603627	0	0
2018-11-28T08:59:43+00:00	105	4.3478260869565215	3.260869565217391	1.0869565217391304	0	95.65217391304348	0	428773376	3381182464	1235529728	2447294464	0	0	0	4111597568	1664221184	0.4047626637763397	0	0	0.000003984825783398538	2.58286698235041	0	0
2018-11-28T08:59:43+00:00	106	2.247191011235955	1.1235955056179776	1.1235955056179776	0	97.75280898876404	0	429232128	3380723712	1235529728	2446835712	0	0	0	4111597568	1664876544	0.40492205680767634	549	549	0.00015939303133666316	2.100635075720561	0	0
2018-11-28T08:59:43+00:00	107	5.9405940594059405	0.9900990099009901	4.9504950495049505	0	94.05940594059405	0	429854720	3380101120	1235529728	2446213120	0	0	0	4111597568	1665413120	0.40505255985208327	0	0	0.00013050304440692662	-3.6934030481699978	0	0
2018-11-28T08:59:43+00:00	108	4.444444444444445	2.2222222222222223	2.2222222222222223	0	95.55555555555556	0	431001600	3378954240	1235529728	2445066240	0	0	0	4111597568	1666424832	0.40529862284420926	0	0	0.0002460629921259838	1.49614961496151	0	0
2018-11-28T08:59:44+00:00	109	3.4090909090909087	2.272727272727273	1.1363636363636365	0	96.5909090909091	0	431628288	3378327552	1235537920	2444431360	0	0	0	4111597568	1667100672	0.4054629969077752	3438	5152	0.00016437406356595297	1.0353535353535364	0	0
2018-11-28T08:59:44+00:00	110	33.64485981308411	22.429906542056074	11.214953271028037	0	66.35514018691589	0	446541824	3363405824	1235546112	2429509632	0	0	0	4111597568	1681907712	0.4090642832095381	0	0	0.003601286301762874	-30.235768903993204	0	0
2018-11-28T08:59:44+00:00	111	28.888888888888886	23.333333333333332	5.555555555555555	0	71.11111111111111	0	455626752	3354320896	1235550208	2420420608	0	0	0	4111597568	1690800128	0.41122704740348753	0	0	0.0021627641939494513	4.755970924195225	0	0
2018-11-28T08:59:44+00:00	112	30	18.88888888888889	11.11111111111111	0	70	0	435486720	3374456832	1235554304	2440556544	0	0	0	4111597568	1670094848	0.4061912238196946	549	603	-0.005035823583792953	-1.1111111111111143	0	0
2018-11-28T08:59:45+00:00	113	20	13	7.000000000000001	0	80	0	433106944	3376840704	1235550208	2442940416	0	0	0	4111597568	1668440064	0.4057887564155695	0	0	-0.0004024674041250842	10	0	0
2018-11-28T08:59:45+00:00	114	5.319148936170213	1.0638297872340425	4.25531914893617	0	94.68085106382979	0	433098752	3376848896	1235554304	2442944512	0	0	0	4111597568	1668825088	0.4058823998214798	0	0	0.00009364340591028197	14.680851063829792	0	0
2018-11-28T08:59:45+00:00	115	5.319148936170213	3.1914893617021276	2.127659574468085	0	94.68085106382979	0	432812032	3377131520	1235558400	2443227136	0	0	0	4111597568	1668558848	0.4058176464024993	2357	3633	-0.00006475341898048992	0	0	0
2018-11-28T08:59:45+00:00	116	16	7.000000000000001	9	0	84	0	434311168	3375636480	1235558400	2441728000	0	0	0	4111597568	1670479872	0.4062848672256049	0	0	0.0004672208231056296	-10.680851063829792	0	0
2018-11-28T08:59:46+00:00	117	4.3478260869565215	1.0869565217391304	3.260869565217391	0	95.65217391304348	0	435113984	3374833664	1235566592	2440916992	0	0	0	4111597568	1670717440	0.40634264719946445	0	0	0.0000577799738595286	11.652173913043484	0	0
2018-11-28T08:59:46+00:00	118	6.593406593406594	3.296703296703297	3.296703296703297	0	93.4065934065934	0	435433472	3374514176	1235566592	2440597504	0	0	0	4111597568	1671024640	0.4064173626829035	3407	13089	0.00007471548343906953	-2.2455805064500822	0	0
2018-11-28T08:59:46+00:00	119	7.920792079207921	1.9801980198019802	5.9405940594059405	0	92.07920792079209	0	435990528	3373920256	1235603456	2440003584	0	0	0	4111597568	1671454720	0.4065219643597182	0	0	0.00010460167681469734	-1.3273854858013152	0	0
2018-11-28T08:59:46+00:00	120	3.296703296703297	2.197802197802198	1.098901098901099	0	96.7032967032967	0	436420608	3373522944	1235607552	2439569408	0	0	0	4111597568	1672019968	0.40665944084924605	0	0	0.00013747648952783242	4.624088782504614	0	0
2018-11-28T08:59:47+00:00	121	4.3478260869565215	0	4.3478260869565215	0	95.65217391304348	0	436514816	3373432832	1235607552	2439475200	0	0	0	4111597568	1672134656	0.40668733462973	1131	18587	0.0000278937804839563	-1.051122790253217	25.174825174825177	0
2018-11-28T08:59:47+00:00	122	7.766990291262135	2.912621359223301	4.854368932038835	0	92.23300970873787	0	436563968	3373379584	1235611648	2439421952	0	0	0	4111597568	1672364032	0.4067431221906978	0	0	0.000055787560967801575	-3.4191642043056163	25.174825174825177	0
2018-11-28T08:59:47+00:00	123	4.301075268817205	1.0752688172043012	3.225806451612903	0	95.6989247311828	0	437002240	3372945408	1235611648	2438983680	0	0	0	4111597568	1672626176	0.4068068794032325	0	0	0.00006375721253470967	3.465915022444932	25.174825174825177	0
2018-11-28T08:59:47+00:00	124	1.1363636363636365	1.1363636363636365	0	0	98.86363636363636	0	437424128	3372523520	1235611648	2438561792	0	0	0	4111597568	1673097216	0.40692144314450573	549	549	0.00011456374127322144	3.1647116324535602	0	0
2018-11-28T08:59:48+00:00	125	8.653846153846153	1.9230769230769231	6.730769230769231	0	91.34615384615384	0	437571584	3372376064	1235611648	2438414336	0	0	0	4111597568	1673359360	0.4069852003570404	0	0	0.00006375721253465416	-7.51748251748252	0	0
2018-11-28T08:59:48+00:00	126	3.260869565217391	1.0869565217391304	2.1739130434782608	0	96.73913043478261	0	437772288	3372175360	1235611648	2438213632	0	0	0	4111597568	1673310208	0.40697324587969014	0	0	-0.000011954477350251125	5.39297658862877	0	0
2018-11-28T08:59:48+00:00	127	2.247191011235955	1.1235955056179776	1.1235955056179776	0	97.75280898876404	0	437440512	3372507136	1235611648	2438545408	0	0	0	4111597568	1673240576	0.4069563103701106	549	549	-0.00001693550957954093	1.0136785539814355	0	0
2018-11-28T08:59:48+00:00	128	6.862745098039216	1.9607843137254901	4.901960784313726	0	93.13725490196079	0	437940224	3372007424	1235611648	2438045696	0	0	0	4111597568	1673572352	0.4070370030922248	0	0	0.00008069272211419509	-4.615554086803257	0	0
2018-11-28T08:59:48+00:00	129	4.444444444444445	1.1111111111111112	3.3333333333333335	0	95.55555555555556	0	437780480	3372167168	1235611648	2438205440	0	0	0	4111597568	1673560064	0.40703401447288723	0	0	-0.000002988619337562781	2.4183006535947698	0	0
2018-11-28T08:59:49+00:00	130	3.296703296703297	0	3.296703296703297	0	96.7032967032967	0	437702656	3372244992	1235611648	2438283264	0	0	0	4111597568	1673502720	0.4070200675826453	549	549	-0.000013946890241922638	1.1477411477411437	0	0
2018-11-28T08:59:49+00:00	131	8	4	4	0	92	0	437788672	3372154880	1235615744	2438193152	0	0	0	4111597568	1673592832	0.4070419841244541	0	0	0.000021916541808775225	-4.703296703296701	0	0
2018-11-28T08:59:49+00:00	132	4.301075268817205	1.0752688172043012	3.225806451612903	0	95.6989247311828	0	437665792	3372281856	1235615744	2438316032	0	0	0	4111597568	1673449472	0.40700711689884916	0	0	-0.00003486722560491762	3.6989247311827995	0	0
2018-11-28T08:59:49+00:00	133	2.247191011235955	1.1235955056179776	1.1235955056179776	0	97.75280898876404	0	437870592	3372077056	1235615744	2438111232	0	0	0	4111597568	1673428992	0.40700213586661993	549	549	-0.0000049810322292342946	2.0538842575812453	0	0
2018-11-28T08:59:50+00:00	134	7.766990291262135	2.912621359223301	4.854368932038835	0	92.23300970873787	0	437780480	3372167168	1235615744	2438201344	0	0	0	4111597568	1673560064	0.40703401447288723	0	0	0.000031878606267299325	-5.519799280026177	0	0
2018-11-28T08:59:50+00:00	135	4.3478260869565215	1.0869565217391304	3.260869565217391	0	95.65217391304348	0	438026240	3371921408	1235615744	2437955584	0	0	0	4111597568	1673654272	0.4070569272211419	0	0	0.000022912748254666493	3.4191642043056163	0	0
2018-11-28T08:59:50+00:00	136	2.247191011235955	1.1235955056179776	1.1235955056179776	0	97.75280898876404	0	438063104	3371884544	1235615744	2437918720	0	0	0	4111597568	1673768960	0.4070848210016258	549	549	0.000027893780483900787	2.100635075720561	0	0
2018-11-28T08:59:50+00:00	137	5	1	4	0	95	0	438304768	3371642880	1235615744	2437677056	0	0	0	4111597568	1673879552	0.40711171857566386	0	0	0.00002689757403806503	-2.752808988764045	0	0
2018-11-28T08:59:51+00:00	138	1.1363636363636365	1.1363636363636365	0	0	98.86363636363636	0	437960704	3371986944	1235615744	2438021120	0	0	0	4111597568	1673764864	0.40708382479517996	0	0	-0.000027893780483900787	3.8636363636363598	0	0
2018-11-28T08:59:51+00:00	139	6.382978723404255	2.127659574468085	4.25531914893617	0	93.61702127659575	0	438308864	3371634688	1235619840	2437668864	0	0	0	4111597568	1673662464	0.4070589196340336	549	549	-0.000024905161146338006	-5.24661508704061	220.99447513812154	0
2018-11-28T08:59:51+00:00	140	6.796116504854369	1.9417475728155338	4.854368932038835	0	93.20388349514563	0	438132736	3371814912	1235619840	2437844992	0	0	0	4111597568	1673940992	0.4071266616723517	0	0	0.0000677420383180527	-0.4131377814501178	220.99447513812154	0
2018-11-28T08:59:51+00:00	141	5.4945054945054945	2.197802197802198	3.296703296703297	0	94.5054945054945	0	438444032	3371503616	1235628032	2437525504	0	0	0	4111597568	1674285056	0.40721034301380343	0	0	0.00008368134145175787	1.3016110103488643	220.99447513812154	0
2018-11-28T08:59:52+00:00	142	4.3478260869565215	2.1739130434782608	2.1739130434782608	0	95.65217391304348	0	438427648	3371520000	1235628032	2437541888	0	0	0	4111597568	1674244096	0.4072003809493449	549	549	-0.0000099620644585241	1.1466794075489872	19.801980198019802	0
2018-11-28T08:59:52+00:00	143	6.0606060606060606	2.0202020202020203	4.040404040404041	0	93.93939393939394	0	438444032	3371503616	1235628032	2437525504	0	0	0	4111597568	1674260480	0.4072043657751283	0	0	0.000003984825783398538	-1.7127799736495462	19.801980198019802	0
2018-11-28T08:59:52+00:00	144	13.978494623655912	7.526881720430108	6.451612903225806	0	86.02150537634408	0	356626432	3453304832	1206853632	2548117504	0	0	0	4111597568	1562963968	0.38013544422837836	0	0	-0.027068921546749947	-7.917888563049857	19.801980198019802	0
2018-11-28T08:59:52+00:00	145	3.3333333333333335	1.1111111111111112	2.2222222222222223	0	96.66666666666667	0	356515840	3453431808	1206853632	2548228096	0	0	0	4111597568	1563201536	0.3801932242022379	765	23310	0.0000577799738595286	10.64516129032259	0	0
2018-11-28T08:59:53+00:00	146	8.653846153846153	2.8846153846153846	5.769230769230769	0	91.34615384615384	0	356769792	3453177856	1206853632	2547974144	0	0	0	4111597568	1563652096	0.3803028069112818	0	0	0.00010958270904393164	-5.320512820512832	0	0
2018-11-28T08:59:53+00:00	147	4.3478260869565215	0	4.3478260869565215	0	95.65217391304348	0	356741120	3453206528	1206853632	2548002816	0	0	0	4111597568	1563512832	0.3802689358921228	0	0	-0.00003387101915902635	4.306020066889644	0	0
2018-11-28T08:59:53+00:00	148	3.296703296703297	2.197802197802198	1.098901098901099	0	96.7032967032967	0	356683776	3453263872	1206853632	2548060160	0	0	0	4111597568	1563607040	0.38029184864037746	549	549	0.000022912748254666493	1.051122790253217	0	0
2018-11-28T08:59:53+00:00	149	7.920792079207921	2.9702970297029703	4.9504950495049505	0	92.07920792079209	0	356859904	3453087744	1206853632	2547884032	0	0	0	4111597568	1563791360	0.3803366779304409	0	0	0.00004482929006344172	-4.624088782504614	0	0
2018-11-28T08:59:53+00:00	150	4.301075268817205	2.1505376344086025	2.1505376344086025	0	95.6989247311828	0	356814848	3453132800	1206853632	2547929088	0	0	0	4111597568	1563697152	0.38031376518218624	0	0	-0.000022912748254666493	3.619716810390713	0	0
2018-11-28T08:59:54+00:00	151	3.296703296703297	2.197802197802198	1.098901098901099	0	96.7032967032967	0	356765696	3453181952	1206853632	2547978240	0	0	0	4111597568	1563705344	0.38031575759507796	549	1903	0.0000019924128917270245	1.0043719721139013	0	0
2018-11-28T08:59:54+00:00	152	7.766990291262135	0.9708737864077669	6.796116504854369	0	92.23300970873787	0	356642816	3453304832	1206853632	2548101120	0	0	0	4111597568	1563926528	0.3803695527431541	0	0	0.00005379514807613006	-4.470286994558833	0	0
2018-11-28T08:59:54+00:00	153	2.2222222222222223	0	2.2222222222222223	0	97.77777777777777	0	356610048	3453337600	1206853632	2548133888	0	0	0	4111597568	1563447296	0.38025299658898915	0	0	-0.00011655615416494847	5.544768069039904	0	0
2018-11-28T08:59:54+00:00	154	2.247191011235955	0	2.247191011235955	0	97.75280898876404	0	356646912	3453300736	1206853632	2548097024	0	0	0	4111597568	1563410432	0.38024403073097646	549	549	-0.000008965858012688344	-0.024968789013726678	0	0
2018-11-28T08:59:55+00:00	155	8.571428571428571	2.857142857142857	5.714285714285714	0	91.42857142857143	0	356904960	3453042688	1206853632	2547838976	0	0	0	4111597568	1563676672	0.38030878414995695	0	0	0.00006475341898048992	-6.324237560192614	0	0
